# JRE version: OpenJDK Runtime Environment (8.0_202-b03) (build 1.8.0_202-release-1483-b03)
# Java VM: OpenJDK 64-Bit Server VM (25.202-b03 mixed mode windows-amd64 compressed oops)
Heap:
 PSYoungGen      total 70144K, used 29748K [0x00000000e0000000, 0x00000000e4f00000, 0x0000000100000000)
  eden space 61952K, 38% used [0x00000000e0000000,0x00000000e170ecb8,0x00000000e3c80000)
  from space 8192K, 74% used [0x00000000e4500000,0x00000000e4afe5d8,0x00000000e4d00000)
  to   space 8704K, 0% used [0x00000000e3c80000,0x00000000e3c80000,0x00000000e4500000)
 ParOldGen       total 45056K, used 27111K [0x00000000a0000000, 0x00000000a2c00000, 0x00000000e0000000)
  object space 45056K, 60% used [0x00000000a0000000,0x00000000a1a79fe8,0x00000000a2c00000)
 Metaspace       used 54263K, capacity 55664K, committed 55768K, reserved 1097728K
  class space    used 7299K, capacity 7643K, committed 7680K, reserved 1048576K
GC Heap History (10 events):
Event: 45.440 GC heap before
{Heap before GC invocations=22 (full 2):
 PSYoungGen      total 48640K, used 1618K [0x00000000e0000000, 0x00000000e3600000, 0x0000000100000000)
  eden space 44544K, 0% used [0x00000000e0000000,0x00000000e0000000,0x00000000e2b80000)
  from space 4096K, 39% used [0x00000000e2f80000,0x00000000e3114b08,0x00000000e3380000)
  to   space 4096K, 0% used [0x00000000e2b80000,0x00000000e2b80000,0x00000000e2f80000)
 ParOldGen       total 29696K, used 14381K [0x00000000a0000000, 0x00000000a1d00000, 0x00000000e0000000)
  object space 29696K, 48% used [0x00000000a0000000,0x00000000a0e0b6d8,0x00000000a1d00000)
 Metaspace       used 34546K, capacity 35200K, committed 35416K, reserved 1079296K
  class space    used 4754K, capacity 4939K, committed 4992K, reserved 1048576K
Event: 45.627 GC heap after
Heap after GC invocations=22 (full 2):
 PSYoungGen      total 48640K, used 0K [0x00000000e0000000, 0x00000000e3600000, 0x0000000100000000)
  eden space 44544K, 0% used [0x00000000e0000000,0x00000000e0000000,0x00000000e2b80000)
  from space 4096K, 0% used [0x00000000e2f80000,0x00000000e2f80000,0x00000000e3380000)
  to   space 4096K, 0% used [0x00000000e2b80000,0x00000000e2b80000,0x00000000e2f80000)
 ParOldGen       total 45056K, used 14675K [0x00000000a0000000, 0x00000000a2c00000, 0x00000000e0000000)
  object space 45056K, 32% used [0x00000000a0000000,0x00000000a0e54e50,0x00000000a2c00000)
 Metaspace       used 34545K, capacity 35194K, committed 35416K, reserved 1079296K
  class space    used 4754K, capacity 4938K, committed 4992K, reserved 1048576K
}
Event: 49.118 GC heap before
{Heap before GC invocations=23 (full 2):
 PSYoungGen      total 48640K, used 44544K [0x00000000e0000000, 0x00000000e3600000, 0x0000000100000000)
  eden space 44544K, 100% used [0x00000000e0000000,0x00000000e2b80000,0x00000000e2b80000)
  from space 4096K, 0% used [0x00000000e2f80000,0x00000000e2f80000,0x00000000e3380000)
  to   space 4096K, 0% used [0x00000000e2b80000,0x00000000e2b80000,0x00000000e2f80000)
 ParOldGen       total 45056K, used 14675K [0x00000000a0000000, 0x00000000a2c00000, 0x00000000e0000000)
  object space 45056K, 32% used [0x00000000a0000000,0x00000000a0e54e50,0x00000000a2c00000)
 Metaspace       used 40978K, capacity 41822K, committed 42200K, reserved 1085440K
  class space    used 5535K, capacity 5773K, committed 5888K, reserved 1048576K
Event: 49.127 GC heap after
Heap after GC invocations=23 (full 2):
 PSYoungGen      total 48640K, used 4095K [0x00000000e0000000, 0x00000000e4000000, 0x0000000100000000)
  eden space 44544K, 0% used [0x00000000e0000000,0x00000000e0000000,0x00000000e2b80000)
  from space 4096K, 99% used [0x00000000e2b80000,0x00000000e2f7ff50,0x00000000e2f80000)
  to   space 5632K, 0% used [0x00000000e3a80000,0x00000000e3a80000,0x00000000e4000000)
 ParOldGen       total 45056K, used 17032K [0x00000000a0000000, 0x00000000a2c00000, 0x00000000e0000000)
  object space 45056K, 37% used [0x00000000a0000000,0x00000000a10a20a0,0x00000000a2c00000)
 Metaspace       used 40978K, capacity 41822K, committed 42200K, reserved 1085440K
  class space    used 5535K, capacity 5773K, committed 5888K, reserved 1048576K
}
Event: 53.792 GC heap before
{Heap before GC invocations=24 (full 2):
 PSYoungGen      total 48640K, used 48639K [0x00000000e0000000, 0x00000000e4000000, 0x0000000100000000)
  eden space 44544K, 100% used [0x00000000e0000000,0x00000000e2b80000,0x00000000e2b80000)
  from space 4096K, 99% used [0x00000000e2b80000,0x00000000e2f7ff50,0x00000000e2f80000)
  to   space 5632K, 0% used [0x00000000e3a80000,0x00000000e3a80000,0x00000000e4000000)
 ParOldGen       total 45056K, used 17032K [0x00000000a0000000, 0x00000000a2c00000, 0x00000000e0000000)
  object space 45056K, 37% used [0x00000000a0000000,0x00000000a10a20a0,0x00000000a2c00000)
 Metaspace       used 44277K, capacity 45052K, committed 45400K, reserved 1089536K
  class space    used 5951K, capacity 6174K, committed 6272K, reserved 1048576K
Event: 53.814 GC heap after
Heap after GC invocations=24 (full 2):
 PSYoungGen      total 57856K, used 5604K [0x00000000e0000000, 0x00000000e4380000, 0x0000000100000000)
  eden space 52224K, 0% used [0x00000000e0000000,0x00000000e0000000,0x00000000e3300000)
  from space 5632K, 99% used [0x00000000e3a80000,0x00000000e3ff9190,0x00000000e4000000)
  to   space 7680K, 0% used [0x00000000e3300000,0x00000000e3300000,0x00000000e3a80000)
 ParOldGen       total 45056K, used 20265K [0x00000000a0000000, 0x00000000a2c00000, 0x00000000e0000000)
  object space 45056K, 44% used [0x00000000a0000000,0x00000000a13ca650,0x00000000a2c00000)
 Metaspace       used 44277K, capacity 45052K, committed 45400K, reserved 1089536K
  class space    used 5951K, capacity 6174K, committed 6272K, reserved 1048576K
}
Event: 57.404 GC heap before
{Heap before GC invocations=25 (full 2):
 PSYoungGen      total 57856K, used 57828K [0x00000000e0000000, 0x00000000e4380000, 0x0000000100000000)
  eden space 52224K, 100% used [0x00000000e0000000,0x00000000e3300000,0x00000000e3300000)
  from space 5632K, 99% used [0x00000000e3a80000,0x00000000e3ff9190,0x00000000e4000000)
  to   space 7680K, 0% used [0x00000000e3300000,0x00000000e3300000,0x00000000e3a80000)
 ParOldGen       total 45056K, used 20265K [0x00000000a0000000, 0x00000000a2c00000, 0x00000000e0000000)
  object space 45056K, 44% used [0x00000000a0000000,0x00000000a13ca650,0x00000000a2c00000)
 Metaspace       used 48448K, capacity 49714K, committed 49880K, reserved 1091584K
  class space    used 6538K, capacity 6826K, committed 6912K, reserved 1048576K
Event: 57.421 GC heap after
Heap after GC invocations=25 (full 2):
 PSYoungGen      total 59904K, used 6245K [0x00000000e0000000, 0x00000000e4d00000, 0x0000000100000000)
  eden space 52224K, 0% used [0x00000000e0000000,0x00000000e0000000,0x00000000e3300000)
  from space 7680K, 81% used [0x00000000e3300000,0x00000000e39195d0,0x00000000e3a80000)
  to   space 8192K, 0% used [0x00000000e4500000,0x00000000e4500000,0x00000000e4d00000)
 ParOldGen       total 45056K, used 23877K [0x00000000a0000000, 0x00000000a2c00000, 0x00000000e0000000)
  object space 45056K, 52% used [0x00000000a0000000,0x00000000a1751798,0x00000000a2c00000)
 Metaspace       used 48448K, capacity 49714K, committed 49880K, reserved 1091584K
  class space    used 6538K, capacity 6826K, committed 6912K, reserved 1048576K
}
Event: 59.637 GC heap before
{Heap before GC invocations=26 (full 2):
 PSYoungGen      total 59904K, used 58469K [0x00000000e0000000, 0x00000000e4d00000, 0x0000000100000000)
  eden space 52224K, 100% used [0x00000000e0000000,0x00000000e3300000,0x00000000e3300000)
  from space 7680K, 81% used [0x00000000e3300000,0x00000000e39195d0,0x00000000e3a80000)
  to   space 8192K, 0% used [0x00000000e4500000,0x00000000e4500000,0x00000000e4d00000)
 ParOldGen       total 45056K, used 23877K [0x00000000a0000000, 0x00000000a2c00000, 0x00000000e0000000)
  object space 45056K, 52% used [0x00000000a0000000,0x00000000a1751798,0x00000000a2c00000)
 Metaspace       used 52391K, capacity 53798K, committed 54104K, reserved 1095680K
  class space    used 7103K, capacity 7440K, committed 7552K, reserved 1048576K
Event: 59.669 GC heap after
Heap after GC invocations=26 (full 2):
 PSYoungGen      total 70144K, used 6137K [0x00000000e0000000, 0x00000000e4f00000, 0x0000000100000000)
  eden space 61952K, 0% used [0x00000000e0000000,0x00000000e0000000,0x00000000e3c80000)
  from space 8192K, 74% used [0x00000000e4500000,0x00000000e4afe5d8,0x00000000e4d00000)
  to   space 8704K, 0% used [0x00000000e3c80000,0x00000000e3c80000,0x00000000e4500000)
 ParOldGen       total 45056K, used 27111K [0x00000000a0000000, 0x00000000a2c00000, 0x00000000e0000000)
  object space 45056K, 60% used [0x00000000a0000000,0x00000000a1a79fe8,0x00000000a2c00000)
 Metaspace       used 52391K, capacity 53798K, committed 54104K, reserved 1095680K
  class space    used 7103K, capacity 7440K, committed 7552K, reserved 1048576K
}

