# JRE version: OpenJDK Runtime Environment (8.0_202-b03) (build 1.8.0_202-release-1483-b03)
# Java VM: OpenJDK 64-Bit Server VM (25.202-b03 mixed mode windows-amd64 compressed oops)
Heap:
 PSYoungGen      total 205824K, used 80692K [0x00000000e0000000, 0x00000000ee400000, 0x0000000100000000)
  eden space 193024K, 35% used [0x00000000e0000000,0x00000000e42c3320,0x00000000ebc80000)
  from space 12800K, 96% used [0x00000000ed780000,0x00000000ee389d78,0x00000000ee400000)
  to   space 16896K, 0% used [0x00000000ec300000,0x00000000ec300000,0x00000000ed380000)
 ParOldGen       total 82944K, used 28448K [0x00000000a0000000, 0x00000000a5100000, 0x00000000e0000000)
  object space 82944K, 34% used [0x00000000a0000000,0x00000000a1bc8100,0x00000000a5100000)
 Metaspace       used 62109K, capacity 64172K, committed 64280K, reserved 1103872K
  class space    used 8429K, capacity 8895K, committed 9000K, reserved 1048576K
GC Heap History (10 events):
Event: 8.203 GC heap before
{Heap before GC invocations=13 (full 2):
 PSYoungGen      total 137216K, used 125440K [0x00000000e0000000, 0x00000000eb500000, 0x0000000100000000)
  eden space 125440K, 100% used [0x00000000e0000000,0x00000000e7a80000,0x00000000e7a80000)
  from space 11776K, 0% used [0x00000000e8580000,0x00000000e8580000,0x00000000e9100000)
  to   space 11264K, 0% used [0x00000000e7a80000,0x00000000e7a80000,0x00000000e8580000)
 ParOldGen       total 56320K, used 15840K [0x00000000a0000000, 0x00000000a3700000, 0x00000000e0000000)
  object space 56320K, 28% used [0x00000000a0000000,0x00000000a0f78128,0x00000000a3700000)
 Metaspace       used 47217K, capacity 48428K, committed 48680K, reserved 1091584K
  class space    used 6360K, capacity 6673K, committed 6696K, reserved 1048576K
Event: 8.225 GC heap after
Heap after GC invocations=13 (full 2):
 PSYoungGen      total 136704K, used 11240K [0x00000000e0000000, 0x00000000eb480000, 0x0000000100000000)
  eden space 125440K, 0% used [0x00000000e0000000,0x00000000e0000000,0x00000000e7a80000)
  from space 11264K, 99% used [0x00000000e7a80000,0x00000000e857a030,0x00000000e8580000)
  to   space 14848K, 0% used [0x00000000ea600000,0x00000000ea600000,0x00000000eb480000)
 ParOldGen       total 56320K, used 21005K [0x00000000a0000000, 0x00000000a3700000, 0x00000000e0000000)
  object space 56320K, 37% used [0x00000000a0000000,0x00000000a1483710,0x00000000a3700000)
 Metaspace       used 47217K, capacity 48428K, committed 48680K, reserved 1091584K
  class space    used 6360K, capacity 6673K, committed 6696K, reserved 1048576K
}
Event: 10.165 GC heap before
{Heap before GC invocations=14 (full 2):
 PSYoungGen      total 136704K, used 136680K [0x00000000e0000000, 0x00000000eb480000, 0x0000000100000000)
  eden space 125440K, 100% used [0x00000000e0000000,0x00000000e7a80000,0x00000000e7a80000)
  from space 11264K, 99% used [0x00000000e7a80000,0x00000000e857a030,0x00000000e8580000)
  to   space 14848K, 0% used [0x00000000ea600000,0x00000000ea600000,0x00000000eb480000)
 ParOldGen       total 56320K, used 21005K [0x00000000a0000000, 0x00000000a3700000, 0x00000000e0000000)
  object space 56320K, 37% used [0x00000000a0000000,0x00000000a1483710,0x00000000a3700000)
 Metaspace       used 57048K, capacity 58616K, committed 58920K, reserved 1099776K
  class space    used 7753K, capacity 8151K, committed 8232K, reserved 1048576K
Event: 10.201 GC heap after
Heap after GC invocations=14 (full 2):
 PSYoungGen      total 168448K, used 13424K [0x00000000e0000000, 0x00000000eb700000, 0x0000000100000000)
  eden space 153600K, 0% used [0x00000000e0000000,0x00000000e0000000,0x00000000e9600000)
  from space 14848K, 90% used [0x00000000ea600000,0x00000000eb31c348,0x00000000eb480000)
  to   space 16384K, 0% used [0x00000000e9600000,0x00000000e9600000,0x00000000ea600000)
 ParOldGen       total 56320K, used 29055K [0x00000000a0000000, 0x00000000a3700000, 0x00000000e0000000)
  object space 56320K, 51% used [0x00000000a0000000,0x00000000a1c5fd88,0x00000000a3700000)
 Metaspace       used 57048K, capacity 58616K, committed 58920K, reserved 1099776K
  class space    used 7753K, capacity 8151K, committed 8232K, reserved 1048576K
}
Event: 10.305 GC heap before
{Heap before GC invocations=15 (full 2):
 PSYoungGen      total 168448K, used 22465K [0x00000000e0000000, 0x00000000eb700000, 0x0000000100000000)
  eden space 153600K, 5% used [0x00000000e0000000,0x00000000e08d40f0,0x00000000e9600000)
  from space 14848K, 90% used [0x00000000ea600000,0x00000000eb31c348,0x00000000eb480000)
  to   space 16384K, 0% used [0x00000000e9600000,0x00000000e9600000,0x00000000ea600000)
 ParOldGen       total 56320K, used 29055K [0x00000000a0000000, 0x00000000a3700000, 0x00000000e0000000)
  object space 56320K, 51% used [0x00000000a0000000,0x00000000a1c5fd88,0x00000000a3700000)
 Metaspace       used 57399K, capacity 59092K, committed 59160K, reserved 1099776K
  class space    used 7790K, capacity 8167K, committed 8232K, reserved 1048576K
Event: 10.316 GC heap after
Heap after GC invocations=15 (full 2):
 PSYoungGen      total 169984K, used 6185K [0x00000000e0000000, 0x00000000ee700000, 0x0000000100000000)
  eden space 153600K, 0% used [0x00000000e0000000,0x00000000e0000000,0x00000000e9600000)
  from space 16384K, 37% used [0x00000000e9600000,0x00000000e9c0a4f8,0x00000000ea600000)
  to   space 15872K, 0% used [0x00000000ed780000,0x00000000ed780000,0x00000000ee700000)
 ParOldGen       total 56320K, used 29063K [0x00000000a0000000, 0x00000000a3700000, 0x00000000e0000000)
  object space 56320K, 51% used [0x00000000a0000000,0x00000000a1c61d88,0x00000000a3700000)
 Metaspace       used 57399K, capacity 59092K, committed 59160K, reserved 1099776K
  class space    used 7790K, capacity 8167K, committed 8232K, reserved 1048576K
}
Event: 10.316 GC heap before
{Heap before GC invocations=16 (full 3):
 PSYoungGen      total 169984K, used 6185K [0x00000000e0000000, 0x00000000ee700000, 0x0000000100000000)
  eden space 153600K, 0% used [0x00000000e0000000,0x00000000e0000000,0x00000000e9600000)
  from space 16384K, 37% used [0x00000000e9600000,0x00000000e9c0a4f8,0x00000000ea600000)
  to   space 15872K, 0% used [0x00000000ed780000,0x00000000ed780000,0x00000000ee700000)
 ParOldGen       total 56320K, used 29063K [0x00000000a0000000, 0x00000000a3700000, 0x00000000e0000000)
  object space 56320K, 51% used [0x00000000a0000000,0x00000000a1c61d88,0x00000000a3700000)
 Metaspace       used 57399K, capacity 59092K, committed 59160K, reserved 1099776K
  class space    used 7790K, capacity 8167K, committed 8232K, reserved 1048576K
Event: 10.583 GC heap after
Heap after GC invocations=16 (full 3):
 PSYoungGen      total 169984K, used 0K [0x00000000e0000000, 0x00000000ee700000, 0x0000000100000000)
  eden space 153600K, 0% used [0x00000000e0000000,0x00000000e0000000,0x00000000e9600000)
  from space 16384K, 0% used [0x00000000e9600000,0x00000000e9600000,0x00000000ea600000)
  to   space 15872K, 0% used [0x00000000ed780000,0x00000000ed780000,0x00000000ee700000)
 ParOldGen       total 82944K, used 28440K [0x00000000a0000000, 0x00000000a5100000, 0x00000000e0000000)
  object space 82944K, 34% used [0x00000000a0000000,0x00000000a1bc6100,0x00000000a5100000)
 Metaspace       used 57399K, capacity 59092K, committed 59160K, reserved 1099776K
  class space    used 7790K, capacity 8167K, committed 8232K, reserved 1048576K
}
Event: 13.208 GC heap before
{Heap before GC invocations=17 (full 3):
 PSYoungGen      total 169984K, used 153600K [0x00000000e0000000, 0x00000000ee700000, 0x0000000100000000)
  eden space 153600K, 100% used [0x00000000e0000000,0x00000000e9600000,0x00000000e9600000)
  from space 16384K, 0% used [0x00000000e9600000,0x00000000e9600000,0x00000000ea600000)
  to   space 15872K, 0% used [0x00000000ed780000,0x00000000ed780000,0x00000000ee700000)
 ParOldGen       total 82944K, used 28440K [0x00000000a0000000, 0x00000000a5100000, 0x00000000e0000000)
  object space 82944K, 34% used [0x00000000a0000000,0x00000000a1bc6100,0x00000000a5100000)
 Metaspace       used 60036K, capacity 61990K, committed 62104K, reserved 1103872K
  class space    used 8134K, capacity 8544K, committed 8616K, reserved 1048576K
Event: 13.232 GC heap after
Heap after GC invocations=17 (full 3):
 PSYoungGen      total 205824K, used 12327K [0x00000000e0000000, 0x00000000ee400000, 0x0000000100000000)
  eden space 193024K, 0% used [0x00000000e0000000,0x00000000e0000000,0x00000000ebc80000)
  from space 12800K, 96% used [0x00000000ed780000,0x00000000ee389d78,0x00000000ee400000)
  to   space 16896K, 0% used [0x00000000ec300000,0x00000000ec300000,0x00000000ed380000)
 ParOldGen       total 82944K, used 28448K [0x00000000a0000000, 0x00000000a5100000, 0x00000000e0000000)
  object space 82944K, 34% used [0x00000000a0000000,0x00000000a1bc8100,0x00000000a5100000)
 Metaspace       used 60036K, capacity 61990K, committed 62104K, reserved 1103872K
  class space    used 8134K, capacity 8544K, committed 8616K, reserved 1048576K
}

