# JRE version: OpenJDK Runtime Environment (8.0_202-b03) (build 1.8.0_202-release-1483-b03)
# Java VM: OpenJDK 64-Bit Server VM (25.202-b03 mixed mode windows-amd64 compressed oops)
Heap:
 PSYoungGen      total 127488K, used 56085K [0x00000000e0000000, 0x00000000ea480000, 0x0000000100000000)
  eden space 116736K, 48% used [0x00000000e0000000,0x00000000e36c5758,0x00000000e7200000)
  from space 10752K, 0% used [0x00000000e7200000,0x00000000e7200000,0x00000000e7c80000)
  to   space 11264K, 0% used [0x00000000e9980000,0x00000000e9980000,0x00000000ea480000)
 ParOldGen       total 45568K, used 15335K [0x00000000a0000000, 0x00000000a2c80000, 0x00000000e0000000)
  object space 45568K, 33% used [0x00000000a0000000,0x00000000a0ef9f88,0x00000000a2c80000)
 Metaspace       used 42284K, capacity 43178K, committed 43608K, reserved 1087488K
  class space    used 5709K, capacity 5941K, committed 6016K, reserved 1048576K
GC Heap History (10 events):
Event: 21.718 GC heap before
{Heap before GC invocations=7 (full 1):
 PSYoungGen      total 64512K, used 5014K [0x00000000e0000000, 0x00000000e8600000, 0x0000000100000000)
  eden space 59392K, 0% used [0x00000000e0000000,0x00000000e0000000,0x00000000e3a00000)
  from space 5120K, 97% used [0x00000000e8100000,0x00000000e85e5810,0x00000000e8600000)
  to   space 8704K, 0% used [0x00000000e7500000,0x00000000e7500000,0x00000000e7d80000)
 ParOldGen       total 39936K, used 13949K [0x00000000a0000000, 0x00000000a2700000, 0x00000000e0000000)
  object space 39936K, 34% used [0x00000000a0000000,0x00000000a0d9f4f0,0x00000000a2700000)
 Metaspace       used 20737K, capacity 21128K, committed 21248K, reserved 1067008K
  class space    used 2926K, capacity 3066K, committed 3072K, reserved 1048576K
Event: 21.866 GC heap after
Heap after GC invocations=7 (full 1):
 PSYoungGen      total 64512K, used 0K [0x00000000e0000000, 0x00000000e8600000, 0x0000000100000000)
  eden space 59392K, 0% used [0x00000000e0000000,0x00000000e0000000,0x00000000e3a00000)
  from space 5120K, 0% used [0x00000000e8100000,0x00000000e8100000,0x00000000e8600000)
  to   space 8704K, 0% used [0x00000000e7500000,0x00000000e7500000,0x00000000e7d80000)
 ParOldGen       total 38400K, used 8839K [0x00000000a0000000, 0x00000000a2580000, 0x00000000e0000000)
  object space 38400K, 23% used [0x00000000a0000000,0x00000000a08a1d80,0x00000000a2580000)
 Metaspace       used 20737K, capacity 21128K, committed 21248K, reserved 1067008K
  class space    used 2926K, capacity 3066K, committed 3072K, reserved 1048576K
}
Event: 31.741 GC heap before
{Heap before GC invocations=8 (full 1):
 PSYoungGen      total 64512K, used 59392K [0x00000000e0000000, 0x00000000e8600000, 0x0000000100000000)
  eden space 59392K, 100% used [0x00000000e0000000,0x00000000e3a00000,0x00000000e3a00000)
  from space 5120K, 0% used [0x00000000e8100000,0x00000000e8100000,0x00000000e8600000)
  to   space 8704K, 0% used [0x00000000e7500000,0x00000000e7500000,0x00000000e7d80000)
 ParOldGen       total 38400K, used 8839K [0x00000000a0000000, 0x00000000a2580000, 0x00000000e0000000)
  object space 38400K, 23% used [0x00000000a0000000,0x00000000a08a1d80,0x00000000a2580000)
 Metaspace       used 28374K, capacity 28892K, committed 29440K, reserved 1075200K
  class space    used 3815K, capacity 3979K, committed 4096K, reserved 1048576K
Event: 31.769 GC heap after
Heap after GC invocations=8 (full 1):
 PSYoungGen      total 97792K, used 7216K [0x00000000e0000000, 0x00000000e8180000, 0x0000000100000000)
  eden space 90112K, 0% used [0x00000000e0000000,0x00000000e0000000,0x00000000e5800000)
  from space 7680K, 93% used [0x00000000e7500000,0x00000000e7c0c318,0x00000000e7c80000)
  to   space 5120K, 0% used [0x00000000e7c80000,0x00000000e7c80000,0x00000000e8180000)
 ParOldGen       total 38400K, used 8847K [0x00000000a0000000, 0x00000000a2580000, 0x00000000e0000000)
  object space 38400K, 23% used [0x00000000a0000000,0x00000000a08a3d80,0x00000000a2580000)
 Metaspace       used 28374K, capacity 28892K, committed 29440K, reserved 1075200K
  class space    used 3815K, capacity 3979K, committed 4096K, reserved 1048576K
}
Event: 39.848 GC heap before
{Heap before GC invocations=9 (full 1):
 PSYoungGen      total 97792K, used 97328K [0x00000000e0000000, 0x00000000e8180000, 0x0000000100000000)
  eden space 90112K, 100% used [0x00000000e0000000,0x00000000e5800000,0x00000000e5800000)
  from space 7680K, 93% used [0x00000000e7500000,0x00000000e7c0c318,0x00000000e7c80000)
  to   space 5120K, 0% used [0x00000000e7c80000,0x00000000e7c80000,0x00000000e8180000)
 ParOldGen       total 38400K, used 8847K [0x00000000a0000000, 0x00000000a2580000, 0x00000000e0000000)
  object space 38400K, 23% used [0x00000000a0000000,0x00000000a08a3d80,0x00000000a2580000)
 Metaspace       used 33103K, capacity 33650K, committed 34048K, reserved 1079296K
  class space    used 4564K, capacity 4772K, committed 4864K, reserved 1048576K
Event: 39.863 GC heap after
Heap after GC invocations=9 (full 1):
 PSYoungGen      total 121856K, used 5120K [0x00000000e0000000, 0x00000000e9580000, 0x0000000100000000)
  eden space 116736K, 0% used [0x00000000e0000000,0x00000000e0000000,0x00000000e7200000)
  from space 5120K, 100% used [0x00000000e7c80000,0x00000000e8180000,0x00000000e8180000)
  to   space 10752K, 0% used [0x00000000e7200000,0x00000000e7200000,0x00000000e7c80000)
 ParOldGen       total 38400K, used 13824K [0x00000000a0000000, 0x00000000a2580000, 0x00000000e0000000)
  object space 38400K, 36% used [0x00000000a0000000,0x00000000a0d80248,0x00000000a2580000)
 Metaspace       used 33103K, capacity 33650K, committed 34048K, reserved 1079296K
  class space    used 4564K, capacity 4772K, committed 4864K, reserved 1048576K
}
Event: 47.600 GC heap before
{Heap before GC invocations=10 (full 1):
 PSYoungGen      total 121856K, used 44297K [0x00000000e0000000, 0x00000000e9580000, 0x0000000100000000)
  eden space 116736K, 33% used [0x00000000e0000000,0x00000000e26426f0,0x00000000e7200000)
  from space 5120K, 100% used [0x00000000e7c80000,0x00000000e8180000,0x00000000e8180000)
  to   space 10752K, 0% used [0x00000000e7200000,0x00000000e7200000,0x00000000e7c80000)
 ParOldGen       total 38400K, used 13824K [0x00000000a0000000, 0x00000000a2580000, 0x00000000e0000000)
  object space 38400K, 36% used [0x00000000a0000000,0x00000000a0d80248,0x00000000a2580000)
 Metaspace       used 34514K, capacity 35192K, committed 35416K, reserved 1079296K
  class space    used 4749K, capacity 4932K, committed 4992K, reserved 1048576K
Event: 47.613 GC heap after
Heap after GC invocations=10 (full 1):
 PSYoungGen      total 127488K, used 7988K [0x00000000e0000000, 0x00000000ea480000, 0x0000000100000000)
  eden space 116736K, 0% used [0x00000000e0000000,0x00000000e0000000,0x00000000e7200000)
  from space 10752K, 74% used [0x00000000e7200000,0x00000000e79cd088,0x00000000e7c80000)
  to   space 11264K, 0% used [0x00000000e9980000,0x00000000e9980000,0x00000000ea480000)
 ParOldGen       total 38400K, used 13832K [0x00000000a0000000, 0x00000000a2580000, 0x00000000e0000000)
  object space 38400K, 36% used [0x00000000a0000000,0x00000000a0d82248,0x00000000a2580000)
 Metaspace       used 34514K, capacity 35192K, committed 35416K, reserved 1079296K
  class space    used 4749K, capacity 4932K, committed 4992K, reserved 1048576K
}
Event: 47.613 GC heap before
{Heap before GC invocations=11 (full 2):
 PSYoungGen      total 127488K, used 7988K [0x00000000e0000000, 0x00000000ea480000, 0x0000000100000000)
  eden space 116736K, 0% used [0x00000000e0000000,0x00000000e0000000,0x00000000e7200000)
  from space 10752K, 74% used [0x00000000e7200000,0x00000000e79cd088,0x00000000e7c80000)
  to   space 11264K, 0% used [0x00000000e9980000,0x00000000e9980000,0x00000000ea480000)
 ParOldGen       total 38400K, used 13832K [0x00000000a0000000, 0x00000000a2580000, 0x00000000e0000000)
  object space 38400K, 36% used [0x00000000a0000000,0x00000000a0d82248,0x00000000a2580000)
 Metaspace       used 34514K, capacity 35192K, committed 35416K, reserved 1079296K
  class space    used 4749K, capacity 4932K, committed 4992K, reserved 1048576K
Event: 47.702 GC heap after
Heap after GC invocations=11 (full 2):
 PSYoungGen      total 127488K, used 0K [0x00000000e0000000, 0x00000000ea480000, 0x0000000100000000)
  eden space 116736K, 0% used [0x00000000e0000000,0x00000000e0000000,0x00000000e7200000)
  from space 10752K, 0% used [0x00000000e7200000,0x00000000e7200000,0x00000000e7c80000)
  to   space 11264K, 0% used [0x00000000e9980000,0x00000000e9980000,0x00000000ea480000)
 ParOldGen       total 45568K, used 15335K [0x00000000a0000000, 0x00000000a2c80000, 0x00000000e0000000)
  object space 45568K, 33% used [0x00000000a0000000,0x00000000a0ef9f88,0x00000000a2c80000)
 Metaspace       used 34514K, capacity 35192K, committed 35416K, reserved 1079296K
  class space    used 4749K, capacity 4932K, committed 4992K, reserved 1048576K
}

