# JRE version: OpenJDK Runtime Environment (8.0_202-b03) (build 1.8.0_202-release-1483-b03)
# Java VM: OpenJDK 64-Bit Server VM (25.202-b03 mixed mode windows-amd64 compressed oops)
Heap:
 PSYoungGen      total 100352K, used 52928K [0x00000000e0000000, 0x00000000e7d00000, 0x0000000100000000)
  eden space 82432K, 47% used [0x00000000e0000000,0x00000000e26795a8,0x00000000e5080000)
  from space 17920K, 75% used [0x00000000e5080000,0x00000000e5dca7a8,0x00000000e6200000)
  to   space 18944K, 0% used [0x00000000e6a80000,0x00000000e6a80000,0x00000000e7d00000)
 ParOldGen       total 84992K, used 69367K [0x00000000a0000000, 0x00000000a5300000, 0x00000000e0000000)
  object space 84992K, 81% used [0x00000000a0000000,0x00000000a43bded0,0x00000000a5300000)
 Metaspace       used 84553K, capacity 87916K, committed 88192K, reserved 1128448K
  class space    used 10895K, capacity 11597K, committed 11648K, reserved 1048576K
GC Heap History (10 events):
Event: 524.346 GC heap before
{Heap before GC invocations=38 (full 3):
 PSYoungGen      total 84480K, used 76433K [0x00000000e0000000, 0x00000000e6500000, 0x0000000100000000)
  eden space 68608K, 100% used [0x00000000e0000000,0x00000000e4300000,0x00000000e4300000)
  from space 15872K, 49% used [0x00000000e5580000,0x00000000e5d24580,0x00000000e6500000)
  to   space 17408K, 0% used [0x00000000e4300000,0x00000000e4300000,0x00000000e5400000)
 ParOldGen       total 84992K, used 63703K [0x00000000a0000000, 0x00000000a5300000, 0x00000000e0000000)
  object space 84992K, 74% used [0x00000000a0000000,0x00000000a3e35e08,0x00000000a5300000)
 Metaspace       used 73594K, capacity 76620K, committed 76800K, reserved 1116160K
  class space    used 9586K, capacity 10233K, committed 10240K, reserved 1048576K
Event: 524.357 GC heap after
Heap after GC invocations=38 (full 3):
 PSYoungGen      total 86016K, used 6144K [0x00000000e0000000, 0x00000000e6b80000, 0x0000000100000000)
  eden space 68608K, 0% used [0x00000000e0000000,0x00000000e0000000,0x00000000e4300000)
  from space 17408K, 35% used [0x00000000e4300000,0x00000000e49001d0,0x00000000e5400000)
  to   space 16896K, 0% used [0x00000000e5b00000,0x00000000e5b00000,0x00000000e6b80000)
 ParOldGen       total 84992K, used 64572K [0x00000000a0000000, 0x00000000a5300000, 0x00000000e0000000)
  object space 84992K, 75% used [0x00000000a0000000,0x00000000a3f0f1a8,0x00000000a5300000)
 Metaspace       used 73594K, capacity 76620K, committed 76800K, reserved 1116160K
  class space    used 9586K, capacity 10233K, committed 10240K, reserved 1048576K
}
Event: 551.290 GC heap before
{Heap before GC invocations=39 (full 3):
 PSYoungGen      total 86016K, used 74752K [0x00000000e0000000, 0x00000000e6b80000, 0x0000000100000000)
  eden space 68608K, 100% used [0x00000000e0000000,0x00000000e4300000,0x00000000e4300000)
  from space 17408K, 35% used [0x00000000e4300000,0x00000000e49001d0,0x00000000e5400000)
  to   space 16896K, 0% used [0x00000000e5b00000,0x00000000e5b00000,0x00000000e6b80000)
 ParOldGen       total 84992K, used 64572K [0x00000000a0000000, 0x00000000a5300000, 0x00000000e0000000)
  object space 84992K, 75% used [0x00000000a0000000,0x00000000a3f0f1a8,0x00000000a5300000)
 Metaspace       used 74340K, capacity 77410K, committed 77696K, reserved 1116160K
  class space    used 9663K, capacity 10286K, committed 10368K, reserved 1048576K
Event: 551.312 GC heap after
Heap after GC invocations=39 (full 3):
 PSYoungGen      total 89088K, used 7901K [0x00000000e0000000, 0x00000000e6880000, 0x0000000100000000)
  eden space 75264K, 0% used [0x00000000e0000000,0x00000000e0000000,0x00000000e4980000)
  from space 13824K, 57% used [0x00000000e5b00000,0x00000000e62b7480,0x00000000e6880000)
  to   space 15872K, 0% used [0x00000000e4980000,0x00000000e4980000,0x00000000e5900000)
 ParOldGen       total 84992K, used 64580K [0x00000000a0000000, 0x00000000a5300000, 0x00000000e0000000)
  object space 84992K, 75% used [0x00000000a0000000,0x00000000a3f111a8,0x00000000a5300000)
 Metaspace       used 74340K, capacity 77410K, committed 77696K, reserved 1116160K
  class space    used 9663K, capacity 10286K, committed 10368K, reserved 1048576K
}
Event: 555.143 GC heap before
{Heap before GC invocations=40 (full 3):
 PSYoungGen      total 89088K, used 82897K [0x00000000e0000000, 0x00000000e6880000, 0x0000000100000000)
  eden space 75264K, 99% used [0x00000000e0000000,0x00000000e493d2a8,0x00000000e4980000)
  from space 13824K, 57% used [0x00000000e5b00000,0x00000000e62b7480,0x00000000e6880000)
  to   space 15872K, 0% used [0x00000000e4980000,0x00000000e4980000,0x00000000e5900000)
 ParOldGen       total 84992K, used 64580K [0x00000000a0000000, 0x00000000a5300000, 0x00000000e0000000)
  object space 84992K, 75% used [0x00000000a0000000,0x00000000a3f111a8,0x00000000a5300000)
 Metaspace       used 78695K, capacity 81752K, committed 82048K, reserved 1120256K
  class space    used 10210K, capacity 10837K, committed 10880K, reserved 1048576K
Event: 555.164 GC heap after
Heap after GC invocations=40 (full 3):
 PSYoungGen      total 91136K, used 15869K [0x00000000e0000000, 0x00000000e7400000, 0x0000000100000000)
  eden space 75264K, 0% used [0x00000000e0000000,0x00000000e0000000,0x00000000e4980000)
  from space 15872K, 99% used [0x00000000e4980000,0x00000000e58ff660,0x00000000e5900000)
  to   space 18432K, 0% used [0x00000000e6200000,0x00000000e6200000,0x00000000e7400000)
 ParOldGen       total 84992K, used 65279K [0x00000000a0000000, 0x00000000a5300000, 0x00000000e0000000)
  object space 84992K, 76% used [0x00000000a0000000,0x00000000a3fbfe78,0x00000000a5300000)
 Metaspace       used 78695K, capacity 81752K, committed 82048K, reserved 1120256K
  class space    used 10210K, capacity 10837K, committed 10880K, reserved 1048576K
}
Event: 557.097 GC heap before
{Heap before GC invocations=41 (full 3):
 PSYoungGen      total 91136K, used 91133K [0x00000000e0000000, 0x00000000e7400000, 0x0000000100000000)
  eden space 75264K, 100% used [0x00000000e0000000,0x00000000e4980000,0x00000000e4980000)
  from space 15872K, 99% used [0x00000000e4980000,0x00000000e58ff660,0x00000000e5900000)
  to   space 18432K, 0% used [0x00000000e6200000,0x00000000e6200000,0x00000000e7400000)
 ParOldGen       total 84992K, used 65279K [0x00000000a0000000, 0x00000000a5300000, 0x00000000e0000000)
  object space 84992K, 76% used [0x00000000a0000000,0x00000000a3fbfe78,0x00000000a5300000)
 Metaspace       used 80513K, capacity 83576K, committed 83712K, reserved 1122304K
  class space    used 10319K, capacity 10933K, committed 11008K, reserved 1048576K
Event: 557.125 GC heap after
Heap after GC invocations=41 (full 3):
 PSYoungGen      total 100352K, used 7375K [0x00000000e0000000, 0x00000000e7380000, 0x0000000100000000)
  eden space 82432K, 0% used [0x00000000e0000000,0x00000000e0000000,0x00000000e5080000)
  from space 17920K, 41% used [0x00000000e6200000,0x00000000e6933d98,0x00000000e7380000)
  to   space 17920K, 0% used [0x00000000e5080000,0x00000000e5080000,0x00000000e6200000)
 ParOldGen       total 84992K, used 69359K [0x00000000a0000000, 0x00000000a5300000, 0x00000000e0000000)
  object space 84992K, 81% used [0x00000000a0000000,0x00000000a43bbed0,0x00000000a5300000)
 Metaspace       used 80513K, capacity 83576K, committed 83712K, reserved 1122304K
  class space    used 10319K, capacity 10933K, committed 11008K, reserved 1048576K
}
Event: 560.028 GC heap before
{Heap before GC invocations=42 (full 3):
 PSYoungGen      total 100352K, used 89807K [0x00000000e0000000, 0x00000000e7380000, 0x0000000100000000)
  eden space 82432K, 100% used [0x00000000e0000000,0x00000000e5080000,0x00000000e5080000)
  from space 17920K, 41% used [0x00000000e6200000,0x00000000e6933d98,0x00000000e7380000)
  to   space 17920K, 0% used [0x00000000e5080000,0x00000000e5080000,0x00000000e6200000)
 ParOldGen       total 84992K, used 69359K [0x00000000a0000000, 0x00000000a5300000, 0x00000000e0000000)
  object space 84992K, 81% used [0x00000000a0000000,0x00000000a43bbed0,0x00000000a5300000)
 Metaspace       used 82841K, capacity 86188K, committed 86400K, reserved 1124352K
  class space    used 10672K, capacity 11373K, committed 11392K, reserved 1048576K
Event: 560.044 GC heap after
Heap after GC invocations=42 (full 3):
 PSYoungGen      total 100352K, used 13609K [0x00000000e0000000, 0x00000000e7d00000, 0x0000000100000000)
  eden space 82432K, 0% used [0x00000000e0000000,0x00000000e0000000,0x00000000e5080000)
  from space 17920K, 75% used [0x00000000e5080000,0x00000000e5dca7a8,0x00000000e6200000)
  to   space 18944K, 0% used [0x00000000e6a80000,0x00000000e6a80000,0x00000000e7d00000)
 ParOldGen       total 84992K, used 69367K [0x00000000a0000000, 0x00000000a5300000, 0x00000000e0000000)
  object space 84992K, 81% used [0x00000000a0000000,0x00000000a43bded0,0x00000000a5300000)
 Metaspace       used 82841K, capacity 86188K, committed 86400K, reserved 1124352K
  class space    used 10672K, capacity 11373K, committed 11392K, reserved 1048576K
}

