# JRE version: OpenJDK Runtime Environment (8.0_202-b03) (build 1.8.0_202-release-1483-b03)
# Java VM: OpenJDK 64-Bit Server VM (25.202-b03 mixed mode windows-amd64 compressed oops)
Heap:
 PSYoungGen      total 145408K, used 79938K [0x00000000e0000000, 0x00000000ebc80000, 0x0000000100000000)
  eden space 131072K, 50% used [0x00000000e0000000,0x00000000e4017a20,0x00000000e8000000)
  from space 14336K, 99% used [0x00000000e8000000,0x00000000e8df8fc8,0x00000000e8e00000)
  to   space 23040K, 0% used [0x00000000ea600000,0x00000000ea600000,0x00000000ebc80000)
 ParOldGen       total 82432K, used 48128K [0x00000000a0000000, 0x00000000a5080000, 0x00000000e0000000)
  object space 82432K, 58% used [0x00000000a0000000,0x00000000a2f00218,0x00000000a5080000)
 Metaspace       used 71107K, capacity 73963K, committed 74264K, reserved 1114112K
  class space    used 9615K, capacity 10215K, committed 10280K, reserved 1048576K
GC Heap History (10 events):
Event: 12.829 GC heap before
{Heap before GC invocations=20 (full 3):
 PSYoungGen      total 130560K, used 6321K [0x00000000e0000000, 0x00000000e9f00000, 0x0000000100000000)
  eden space 116736K, 0% used [0x00000000e0000000,0x00000000e0000000,0x00000000e7200000)
  from space 13824K, 45% used [0x00000000e7200000,0x00000000e782c570,0x00000000e7f80000)
  to   space 13312K, 0% used [0x00000000e9200000,0x00000000e9200000,0x00000000e9f00000)
 ParOldGen       total 49664K, used 33688K [0x00000000a0000000, 0x00000000a3080000, 0x00000000e0000000)
  object space 49664K, 67% used [0x00000000a0000000,0x00000000a20e6278,0x00000000a3080000)
 Metaspace       used 57409K, capacity 59095K, committed 59160K, reserved 1099776K
  class space    used 7789K, capacity 8167K, committed 8232K, reserved 1048576K
Event: 13.115 GC heap after
Heap after GC invocations=20 (full 3):
 PSYoungGen      total 130560K, used 0K [0x00000000e0000000, 0x00000000e9f00000, 0x0000000100000000)
  eden space 116736K, 0% used [0x00000000e0000000,0x00000000e0000000,0x00000000e7200000)
  from space 13824K, 0% used [0x00000000e7200000,0x00000000e7200000,0x00000000e7f80000)
  to   space 13312K, 0% used [0x00000000e9200000,0x00000000e9200000,0x00000000e9f00000)
 ParOldGen       total 82432K, used 31280K [0x00000000a0000000, 0x00000000a5080000, 0x00000000e0000000)
  object space 82432K, 37% used [0x00000000a0000000,0x00000000a1e8c220,0x00000000a5080000)
 Metaspace       used 57409K, capacity 59095K, committed 59160K, reserved 1099776K
  class space    used 7789K, capacity 8167K, committed 8232K, reserved 1048576K
}
Event: 15.605 GC heap before
{Heap before GC invocations=21 (full 3):
 PSYoungGen      total 130560K, used 116736K [0x00000000e0000000, 0x00000000e9f00000, 0x0000000100000000)
  eden space 116736K, 100% used [0x00000000e0000000,0x00000000e7200000,0x00000000e7200000)
  from space 13824K, 0% used [0x00000000e7200000,0x00000000e7200000,0x00000000e7f80000)
  to   space 13312K, 0% used [0x00000000e9200000,0x00000000e9200000,0x00000000e9f00000)
 ParOldGen       total 82432K, used 31280K [0x00000000a0000000, 0x00000000a5080000, 0x00000000e0000000)
  object space 82432K, 37% used [0x00000000a0000000,0x00000000a1e8c220,0x00000000a5080000)
 Metaspace       used 59746K, capacity 61639K, committed 61848K, reserved 1101824K
  class space    used 8110K, capacity 8525K, committed 8616K, reserved 1048576K
Event: 15.624 GC heap after
Heap after GC invocations=21 (full 3):
 PSYoungGen      total 140800K, used 10071K [0x00000000e0000000, 0x00000000e9c00000, 0x0000000100000000)
  eden space 130560K, 0% used [0x00000000e0000000,0x00000000e0000000,0x00000000e7f80000)
  from space 10240K, 98% used [0x00000000e9200000,0x00000000e9bd5da8,0x00000000e9c00000)
  to   space 14336K, 0% used [0x00000000e8000000,0x00000000e8000000,0x00000000e8e00000)
 ParOldGen       total 82432K, used 31288K [0x00000000a0000000, 0x00000000a5080000, 0x00000000e0000000)
  object space 82432K, 37% used [0x00000000a0000000,0x00000000a1e8e220,0x00000000a5080000)
 Metaspace       used 59746K, capacity 61639K, committed 61848K, reserved 1101824K
  class space    used 8110K, capacity 8525K, committed 8616K, reserved 1048576K
}
Event: 17.556 GC heap before
{Heap before GC invocations=22 (full 3):
 PSYoungGen      total 140800K, used 140631K [0x00000000e0000000, 0x00000000e9c00000, 0x0000000100000000)
  eden space 130560K, 100% used [0x00000000e0000000,0x00000000e7f80000,0x00000000e7f80000)
  from space 10240K, 98% used [0x00000000e9200000,0x00000000e9bd5da8,0x00000000e9c00000)
  to   space 14336K, 0% used [0x00000000e8000000,0x00000000e8000000,0x00000000e8e00000)
 ParOldGen       total 82432K, used 31288K [0x00000000a0000000, 0x00000000a5080000, 0x00000000e0000000)
  object space 82432K, 37% used [0x00000000a0000000,0x00000000a1e8e220,0x00000000a5080000)
 Metaspace       used 63741K, capacity 66057K, committed 66200K, reserved 1105920K
  class space    used 8607K, capacity 9094K, committed 9128K, reserved 1048576K
Event: 17.584 GC heap after
Heap after GC invocations=22 (full 3):
 PSYoungGen      total 145408K, used 14333K [0x00000000e0000000, 0x00000000eb500000, 0x0000000100000000)
  eden space 131072K, 0% used [0x00000000e0000000,0x00000000e0000000,0x00000000e8000000)
  from space 14336K, 99% used [0x00000000e8000000,0x00000000e8dff7b0,0x00000000e8e00000)
  to   space 19968K, 0% used [0x00000000ea180000,0x00000000ea180000,0x00000000eb500000)
 ParOldGen       total 82432K, used 40687K [0x00000000a0000000, 0x00000000a5080000, 0x00000000e0000000)
  object space 82432K, 49% used [0x00000000a0000000,0x00000000a27bbc08,0x00000000a5080000)
 Metaspace       used 63741K, capacity 66057K, committed 66200K, reserved 1105920K
  class space    used 8607K, capacity 9094K, committed 9128K, reserved 1048576K
}
Event: 19.495 GC heap before
{Heap before GC invocations=23 (full 3):
 PSYoungGen      total 145408K, used 145323K [0x00000000e0000000, 0x00000000eb500000, 0x0000000100000000)
  eden space 131072K, 99% used [0x00000000e0000000,0x00000000e7feb820,0x00000000e8000000)
  from space 14336K, 99% used [0x00000000e8000000,0x00000000e8dff7b0,0x00000000e8e00000)
  to   space 19968K, 0% used [0x00000000ea180000,0x00000000ea180000,0x00000000eb500000)
 ParOldGen       total 82432K, used 40687K [0x00000000a0000000, 0x00000000a5080000, 0x00000000e0000000)
  object space 82432K, 49% used [0x00000000a0000000,0x00000000a27bbc08,0x00000000a5080000)
 Metaspace       used 69416K, capacity 72247K, committed 72472K, reserved 1112064K
  class space    used 9377K, capacity 9945K, committed 10024K, reserved 1048576K
Event: 19.561 GC heap after
Heap after GC invocations=23 (full 3):
 PSYoungGen      total 151040K, used 17046K [0x00000000e0000000, 0x00000000eb500000, 0x0000000100000000)
  eden space 131072K, 0% used [0x00000000e0000000,0x00000000e0000000,0x00000000e8000000)
  from space 19968K, 85% used [0x00000000ea180000,0x00000000eb2258f0,0x00000000eb500000)
  to   space 14336K, 0% used [0x00000000e8000000,0x00000000e8000000,0x00000000e8e00000)
 ParOldGen       total 82432K, used 47437K [0x00000000a0000000, 0x00000000a5080000, 0x00000000e0000000)
  object space 82432K, 57% used [0x00000000a0000000,0x00000000a2e53508,0x00000000a5080000)
 Metaspace       used 69416K, capacity 72247K, committed 72472K, reserved 1112064K
  class space    used 9377K, capacity 9945K, committed 10024K, reserved 1048576K
}
Event: 21.829 GC heap before
{Heap before GC invocations=24 (full 3):
 PSYoungGen      total 151040K, used 148118K [0x00000000e0000000, 0x00000000eb500000, 0x0000000100000000)
  eden space 131072K, 100% used [0x00000000e0000000,0x00000000e8000000,0x00000000e8000000)
  from space 19968K, 85% used [0x00000000ea180000,0x00000000eb2258f0,0x00000000eb500000)
  to   space 14336K, 0% used [0x00000000e8000000,0x00000000e8000000,0x00000000e8e00000)
 ParOldGen       total 82432K, used 47437K [0x00000000a0000000, 0x00000000a5080000, 0x00000000e0000000)
  object space 82432K, 57% used [0x00000000a0000000,0x00000000a2e53508,0x00000000a5080000)
 Metaspace       used 70355K, capacity 73235K, committed 73368K, reserved 1112064K
  class space    used 9479K, capacity 10069K, committed 10152K, reserved 1048576K
Event: 21.857 GC heap after
Heap after GC invocations=24 (full 3):
 PSYoungGen      total 145408K, used 14307K [0x00000000e0000000, 0x00000000ebc80000, 0x0000000100000000)
  eden space 131072K, 0% used [0x00000000e0000000,0x00000000e0000000,0x00000000e8000000)
  from space 14336K, 99% used [0x00000000e8000000,0x00000000e8df8fc8,0x00000000e8e00000)
  to   space 23040K, 0% used [0x00000000ea600000,0x00000000ea600000,0x00000000ebc80000)
 ParOldGen       total 82432K, used 48128K [0x00000000a0000000, 0x00000000a5080000, 0x00000000e0000000)
  object space 82432K, 58% used [0x00000000a0000000,0x00000000a2f00218,0x00000000a5080000)
 Metaspace       used 70355K, capacity 73235K, committed 73368K, reserved 1112064K
  class space    used 9479K, capacity 10069K, committed 10152K, reserved 1048576K
}

