# JRE version: OpenJDK Runtime Environment (8.0_202-b03) (build 1.8.0_202-release-1483-b03)
# Java VM: OpenJDK 64-Bit Server VM (25.202-b03 mixed mode windows-amd64 compressed oops)
Heap:
 PSYoungGen      total 167936K, used 122484K [0x00000000e0000000, 0x00000000edf80000, 0x0000000100000000)
  eden space 151552K, 80% used [0x00000000e0000000,0x00000000e779d248,0x00000000e9400000)
  from space 16384K, 0% used [0x00000000e9400000,0x00000000e9400000,0x00000000ea400000)
  to   space 15360K, 0% used [0x00000000ed080000,0x00000000ed080000,0x00000000edf80000)
 ParOldGen       total 86528K, used 28890K [0x00000000a0000000, 0x00000000a5480000, 0x00000000e0000000)
  object space 86528K, 33% used [0x00000000a0000000,0x00000000a1c36a68,0x00000000a5480000)
 Metaspace       used 59743K, capacity 61662K, committed 61848K, reserved 1101824K
  class space    used 8115K, capacity 8532K, committed 8616K, reserved 1048576K
GC Heap History (10 events):
Event: 6.053 GC heap before
{Heap before GC invocations=12 (full 2):
 PSYoungGen      total 135168K, used 5879K [0x00000000e0000000, 0x00000000eb080000, 0x0000000100000000)
  eden space 123392K, 0% used [0x00000000e0000000,0x00000000e0000000,0x00000000e7880000)
  from space 11776K, 49% used [0x00000000e8380000,0x00000000e893dfd0,0x00000000e8f00000)
  to   space 11264K, 0% used [0x00000000e7880000,0x00000000e7880000,0x00000000e8380000)
 ParOldGen       total 38912K, used 15731K [0x00000000a0000000, 0x00000000a2600000, 0x00000000e0000000)
  object space 38912K, 40% used [0x00000000a0000000,0x00000000a0f5cdb0,0x00000000a2600000)
 Metaspace       used 34645K, capacity 35432K, committed 35496K, reserved 1079296K
  class space    used 4784K, capacity 4999K, committed 5032K, reserved 1048576K
Event: 6.134 GC heap after
Heap after GC invocations=12 (full 2):
 PSYoungGen      total 135168K, used 0K [0x00000000e0000000, 0x00000000eb080000, 0x0000000100000000)
  eden space 123392K, 0% used [0x00000000e0000000,0x00000000e0000000,0x00000000e7880000)
  from space 11776K, 0% used [0x00000000e8380000,0x00000000e8380000,0x00000000e8f00000)
  to   space 11264K, 0% used [0x00000000e7880000,0x00000000e7880000,0x00000000e8380000)
 ParOldGen       total 56832K, used 15889K [0x00000000a0000000, 0x00000000a3780000, 0x00000000e0000000)
  object space 56832K, 27% used [0x00000000a0000000,0x00000000a0f84468,0x00000000a3780000)
 Metaspace       used 34636K, capacity 35402K, committed 35496K, reserved 1079296K
  class space    used 4782K, capacity 4994K, committed 5032K, reserved 1048576K
}
Event: 7.921 GC heap before
{Heap before GC invocations=13 (full 2):
 PSYoungGen      total 135168K, used 123392K [0x00000000e0000000, 0x00000000eb080000, 0x0000000100000000)
  eden space 123392K, 100% used [0x00000000e0000000,0x00000000e7880000,0x00000000e7880000)
  from space 11776K, 0% used [0x00000000e8380000,0x00000000e8380000,0x00000000e8f00000)
  to   space 11264K, 0% used [0x00000000e7880000,0x00000000e7880000,0x00000000e8380000)
 ParOldGen       total 56832K, used 15889K [0x00000000a0000000, 0x00000000a3780000, 0x00000000e0000000)
  object space 56832K, 27% used [0x00000000a0000000,0x00000000a0f84468,0x00000000a3780000)
 Metaspace       used 46919K, capacity 48074K, committed 48168K, reserved 1091584K
  class space    used 6328K, capacity 6640K, committed 6696K, reserved 1048576K
Event: 7.938 GC heap after
Heap after GC invocations=13 (full 2):
 PSYoungGen      total 134656K, used 11258K [0x00000000e0000000, 0x00000000eb200000, 0x0000000100000000)
  eden space 123392K, 0% used [0x00000000e0000000,0x00000000e0000000,0x00000000e7880000)
  from space 11264K, 99% used [0x00000000e7880000,0x00000000e837ebb0,0x00000000e8380000)
  to   space 14336K, 0% used [0x00000000ea400000,0x00000000ea400000,0x00000000eb200000)
 ParOldGen       total 56832K, used 20720K [0x00000000a0000000, 0x00000000a3780000, 0x00000000e0000000)
  object space 56832K, 36% used [0x00000000a0000000,0x00000000a143c0c0,0x00000000a3780000)
 Metaspace       used 46919K, capacity 48074K, committed 48168K, reserved 1091584K
  class space    used 6328K, capacity 6640K, committed 6696K, reserved 1048576K
}
Event: 9.694 GC heap before
{Heap before GC invocations=14 (full 2):
 PSYoungGen      total 134656K, used 134650K [0x00000000e0000000, 0x00000000eb200000, 0x0000000100000000)
  eden space 123392K, 100% used [0x00000000e0000000,0x00000000e7880000,0x00000000e7880000)
  from space 11264K, 99% used [0x00000000e7880000,0x00000000e837ebb0,0x00000000e8380000)
  to   space 14336K, 0% used [0x00000000ea400000,0x00000000ea400000,0x00000000eb200000)
 ParOldGen       total 56832K, used 20720K [0x00000000a0000000, 0x00000000a3780000, 0x00000000e0000000)
  object space 56832K, 36% used [0x00000000a0000000,0x00000000a143c0c0,0x00000000a3780000)
 Metaspace       used 56662K, capacity 58220K, committed 58280K, reserved 1099776K
  class space    used 7700K, capacity 8095K, committed 8104K, reserved 1048576K
Event: 9.719 GC heap after
Heap after GC invocations=14 (full 2):
 PSYoungGen      total 165888K, used 13272K [0x00000000e0000000, 0x00000000eb580000, 0x0000000100000000)
  eden space 151552K, 0% used [0x00000000e0000000,0x00000000e0000000,0x00000000e9400000)
  from space 14336K, 92% used [0x00000000ea400000,0x00000000eb0f6018,0x00000000eb200000)
  to   space 16384K, 0% used [0x00000000e9400000,0x00000000e9400000,0x00000000ea400000)
 ParOldGen       total 56832K, used 28704K [0x00000000a0000000, 0x00000000a3780000, 0x00000000e0000000)
  object space 56832K, 50% used [0x00000000a0000000,0x00000000a1c083b0,0x00000000a3780000)
 Metaspace       used 56662K, capacity 58220K, committed 58280K, reserved 1099776K
  class space    used 7700K, capacity 8095K, committed 8104K, reserved 1048576K
}
Event: 9.933 GC heap before
{Heap before GC invocations=15 (full 2):
 PSYoungGen      total 165888K, used 27960K [0x00000000e0000000, 0x00000000eb580000, 0x0000000100000000)
  eden space 151552K, 9% used [0x00000000e0000000,0x00000000e0e58218,0x00000000e9400000)
  from space 14336K, 92% used [0x00000000ea400000,0x00000000eb0f6018,0x00000000eb200000)
  to   space 16384K, 0% used [0x00000000e9400000,0x00000000e9400000,0x00000000ea400000)
 ParOldGen       total 56832K, used 28704K [0x00000000a0000000, 0x00000000a3780000, 0x00000000e0000000)
  object space 56832K, 50% used [0x00000000a0000000,0x00000000a1c083b0,0x00000000a3780000)
 Metaspace       used 57478K, capacity 59128K, committed 59160K, reserved 1099776K
  class space    used 7809K, capacity 8201K, committed 8232K, reserved 1048576K
Event: 9.944 GC heap after
Heap after GC invocations=15 (full 2):
 PSYoungGen      total 167936K, used 6695K [0x00000000e0000000, 0x00000000edf80000, 0x0000000100000000)
  eden space 151552K, 0% used [0x00000000e0000000,0x00000000e0000000,0x00000000e9400000)
  from space 16384K, 40% used [0x00000000e9400000,0x00000000e9a89d68,0x00000000ea400000)
  to   space 15360K, 0% used [0x00000000ed080000,0x00000000ed080000,0x00000000edf80000)
 ParOldGen       total 56832K, used 28712K [0x00000000a0000000, 0x00000000a3780000, 0x00000000e0000000)
  object space 56832K, 50% used [0x00000000a0000000,0x00000000a1c0a3b0,0x00000000a3780000)
 Metaspace       used 57478K, capacity 59128K, committed 59160K, reserved 1099776K
  class space    used 7809K, capacity 8201K, committed 8232K, reserved 1048576K
}
Event: 9.944 GC heap before
{Heap before GC invocations=16 (full 3):
 PSYoungGen      total 167936K, used 6695K [0x00000000e0000000, 0x00000000edf80000, 0x0000000100000000)
  eden space 151552K, 0% used [0x00000000e0000000,0x00000000e0000000,0x00000000e9400000)
  from space 16384K, 40% used [0x00000000e9400000,0x00000000e9a89d68,0x00000000ea400000)
  to   space 15360K, 0% used [0x00000000ed080000,0x00000000ed080000,0x00000000edf80000)
 ParOldGen       total 56832K, used 28712K [0x00000000a0000000, 0x00000000a3780000, 0x00000000e0000000)
  object space 56832K, 50% used [0x00000000a0000000,0x00000000a1c0a3b0,0x00000000a3780000)
 Metaspace       used 57478K, capacity 59128K, committed 59160K, reserved 1099776K
  class space    used 7809K, capacity 8201K, committed 8232K, reserved 1048576K
Event: 10.207 GC heap after
Heap after GC invocations=16 (full 3):
 PSYoungGen      total 167936K, used 0K [0x00000000e0000000, 0x00000000edf80000, 0x0000000100000000)
  eden space 151552K, 0% used [0x00000000e0000000,0x00000000e0000000,0x00000000e9400000)
  from space 16384K, 0% used [0x00000000e9400000,0x00000000e9400000,0x00000000ea400000)
  to   space 15360K, 0% used [0x00000000ed080000,0x00000000ed080000,0x00000000edf80000)
 ParOldGen       total 86528K, used 28890K [0x00000000a0000000, 0x00000000a5480000, 0x00000000e0000000)
  object space 86528K, 33% used [0x00000000a0000000,0x00000000a1c36a68,0x00000000a5480000)
 Metaspace       used 57478K, capacity 59128K, committed 59160K, reserved 1099776K
  class space    used 7809K, capacity 8201K, committed 8232K, reserved 1048576K
}

