# JRE version: OpenJDK Runtime Environment (8.0_202-b03) (build 1.8.0_202-release-1483-b03)
# Java VM: OpenJDK 64-Bit Server VM (25.202-b03 mixed mode windows-amd64 compressed oops)
Heap:
 PSYoungGen      total 201728K, used 127105K [0x00000000e0000000, 0x00000000ed800000, 0x0000000100000000)
  eden space 190464K, 66% used [0x00000000e0000000,0x00000000e7c204d0,0x00000000eba00000)
  from space 11264K, 0% used [0x00000000ecd00000,0x00000000ecd00000,0x00000000ed800000)
  to   space 13312K, 0% used [0x00000000ebe00000,0x00000000ebe00000,0x00000000ecb00000)
 ParOldGen       total 55296K, used 17449K [0x00000000a0000000, 0x00000000a3600000, 0x00000000e0000000)
  object space 55296K, 31% used [0x00000000a0000000,0x00000000a110a6e8,0x00000000a3600000)
 Metaspace       used 45953K, capacity 47104K, committed 47448K, reserved 1089536K
  class space    used 6195K, capacity 6503K, committed 6528K, reserved 1048576K
GC Heap History (10 events):
Event: 21.718 GC heap before
{Heap before GC invocations=6 (full 0):
 PSYoungGen      total 63488K, used 24813K [0x00000000e0000000, 0x00000000e8a00000, 0x0000000100000000)
  eden space 61440K, 37% used [0x00000000e0000000,0x00000000e16433f8,0x00000000e3c00000)
  from space 2048K, 98% used [0x00000000e3c00000,0x00000000e3df8030,0x00000000e3e00000)
  to   space 9216K, 0% used [0x00000000e8100000,0x00000000e8100000,0x00000000e8a00000)
 ParOldGen       total 39936K, used 13987K [0x00000000a0000000, 0x00000000a2700000, 0x00000000e0000000)
  object space 39936K, 35% used [0x00000000a0000000,0x00000000a0da8fb0,0x00000000a2700000)
 Metaspace       used 20745K, capacity 21120K, committed 21248K, reserved 1067008K
  class space    used 2925K, capacity 3066K, committed 3072K, reserved 1048576K
Event: 21.767 GC heap after
Heap after GC invocations=6 (full 0):
 PSYoungGen      total 131072K, used 5104K [0x00000000e0000000, 0x00000000e8900000, 0x0000000100000000)
  eden space 122880K, 0% used [0x00000000e0000000,0x00000000e0000000,0x00000000e7800000)
  from space 8192K, 62% used [0x00000000e8100000,0x00000000e85fc288,0x00000000e8900000)
  to   space 8704K, 0% used [0x00000000e7800000,0x00000000e7800000,0x00000000e8080000)
 ParOldGen       total 39936K, used 13995K [0x00000000a0000000, 0x00000000a2700000, 0x00000000e0000000)
  object space 39936K, 35% used [0x00000000a0000000,0x00000000a0daafb0,0x00000000a2700000)
 Metaspace       used 20745K, capacity 21120K, committed 21248K, reserved 1067008K
  class space    used 2925K, capacity 3066K, committed 3072K, reserved 1048576K
}
Event: 21.767 GC heap before
{Heap before GC invocations=7 (full 1):
 PSYoungGen      total 131072K, used 5104K [0x00000000e0000000, 0x00000000e8900000, 0x0000000100000000)
  eden space 122880K, 0% used [0x00000000e0000000,0x00000000e0000000,0x00000000e7800000)
  from space 8192K, 62% used [0x00000000e8100000,0x00000000e85fc288,0x00000000e8900000)
  to   space 8704K, 0% used [0x00000000e7800000,0x00000000e7800000,0x00000000e8080000)
 ParOldGen       total 39936K, used 13995K [0x00000000a0000000, 0x00000000a2700000, 0x00000000e0000000)
  object space 39936K, 35% used [0x00000000a0000000,0x00000000a0daafb0,0x00000000a2700000)
 Metaspace       used 20745K, capacity 21120K, committed 21248K, reserved 1067008K
  class space    used 2925K, capacity 3066K, committed 3072K, reserved 1048576K
Event: 21.937 GC heap after
Heap after GC invocations=7 (full 1):
 PSYoungGen      total 131072K, used 0K [0x00000000e0000000, 0x00000000e8900000, 0x0000000100000000)
  eden space 122880K, 0% used [0x00000000e0000000,0x00000000e0000000,0x00000000e7800000)
  from space 8192K, 0% used [0x00000000e8100000,0x00000000e8100000,0x00000000e8900000)
  to   space 8704K, 0% used [0x00000000e7800000,0x00000000e7800000,0x00000000e8080000)
 ParOldGen       total 37376K, used 8840K [0x00000000a0000000, 0x00000000a2480000, 0x00000000e0000000)
  object space 37376K, 23% used [0x00000000a0000000,0x00000000a08a20a0,0x00000000a2480000)
 Metaspace       used 20745K, capacity 21120K, committed 21248K, reserved 1067008K
  class space    used 2925K, capacity 3066K, committed 3072K, reserved 1048576K
}
Event: 38.528 GC heap before
{Heap before GC invocations=8 (full 1):
 PSYoungGen      total 131072K, used 122880K [0x00000000e0000000, 0x00000000e8900000, 0x0000000100000000)
  eden space 122880K, 100% used [0x00000000e0000000,0x00000000e7800000,0x00000000e7800000)
  from space 8192K, 0% used [0x00000000e8100000,0x00000000e8100000,0x00000000e8900000)
  to   space 8704K, 0% used [0x00000000e7800000,0x00000000e7800000,0x00000000e8080000)
 ParOldGen       total 37376K, used 8840K [0x00000000a0000000, 0x00000000a2480000, 0x00000000e0000000)
  object space 37376K, 23% used [0x00000000a0000000,0x00000000a08a20a0,0x00000000a2480000)
 Metaspace       used 31516K, capacity 32056K, committed 32512K, reserved 1077248K
  class space    used 4340K, capacity 4503K, committed 4608K, reserved 1048576K
Event: 38.698 GC heap after
Heap after GC invocations=8 (full 1):
 PSYoungGen      total 131584K, used 8674K [0x00000000e0000000, 0x00000000ed880000, 0x0000000100000000)
  eden space 122880K, 0% used [0x00000000e0000000,0x00000000e0000000,0x00000000e7800000)
  from space 8704K, 99% used [0x00000000e7800000,0x00000000e8078a30,0x00000000e8080000)
  to   space 11776K, 0% used [0x00000000ecd00000,0x00000000ecd00000,0x00000000ed880000)
 ParOldGen       total 37376K, used 12398K [0x00000000a0000000, 0x00000000a2480000, 0x00000000e0000000)
  object space 37376K, 33% used [0x00000000a0000000,0x00000000a0c1b918,0x00000000a2480000)
 Metaspace       used 31516K, capacity 32056K, committed 32512K, reserved 1077248K
  class space    used 4340K, capacity 4503K, committed 4608K, reserved 1048576K
}
Event: 48.844 GC heap before
{Heap before GC invocations=9 (full 1):
 PSYoungGen      total 131584K, used 67815K [0x00000000e0000000, 0x00000000ed880000, 0x0000000100000000)
  eden space 122880K, 48% used [0x00000000e0000000,0x00000000e39c14b8,0x00000000e7800000)
  from space 8704K, 99% used [0x00000000e7800000,0x00000000e8078a30,0x00000000e8080000)
  to   space 11776K, 0% used [0x00000000ecd00000,0x00000000ecd00000,0x00000000ed880000)
 ParOldGen       total 37376K, used 12398K [0x00000000a0000000, 0x00000000a2480000, 0x00000000e0000000)
  object space 37376K, 33% used [0x00000000a0000000,0x00000000a0c1b918,0x00000000a2480000)
 Metaspace       used 34480K, capacity 35184K, committed 35416K, reserved 1079296K
  class space    used 4751K, capacity 4937K, committed 4992K, reserved 1048576K
Event: 48.860 GC heap after
Heap after GC invocations=9 (full 1):
 PSYoungGen      total 201728K, used 10803K [0x00000000e0000000, 0x00000000ed800000, 0x0000000100000000)
  eden space 190464K, 0% used [0x00000000e0000000,0x00000000e0000000,0x00000000eba00000)
  from space 11264K, 95% used [0x00000000ecd00000,0x00000000ed78cd40,0x00000000ed800000)
  to   space 13312K, 0% used [0x00000000ebe00000,0x00000000ebe00000,0x00000000ecb00000)
 ParOldGen       total 37376K, used 12406K [0x00000000a0000000, 0x00000000a2480000, 0x00000000e0000000)
  object space 37376K, 33% used [0x00000000a0000000,0x00000000a0c1d918,0x00000000a2480000)
 Metaspace       used 34480K, capacity 35184K, committed 35416K, reserved 1079296K
  class space    used 4751K, capacity 4937K, committed 4992K, reserved 1048576K
}
Event: 48.860 GC heap before
{Heap before GC invocations=10 (full 2):
 PSYoungGen      total 201728K, used 10803K [0x00000000e0000000, 0x00000000ed800000, 0x0000000100000000)
  eden space 190464K, 0% used [0x00000000e0000000,0x00000000e0000000,0x00000000eba00000)
  from space 11264K, 95% used [0x00000000ecd00000,0x00000000ed78cd40,0x00000000ed800000)
  to   space 13312K, 0% used [0x00000000ebe00000,0x00000000ebe00000,0x00000000ecb00000)
 ParOldGen       total 37376K, used 12406K [0x00000000a0000000, 0x00000000a2480000, 0x00000000e0000000)
  object space 37376K, 33% used [0x00000000a0000000,0x00000000a0c1d918,0x00000000a2480000)
 Metaspace       used 34480K, capacity 35184K, committed 35416K, reserved 1079296K
  class space    used 4751K, capacity 4937K, committed 4992K, reserved 1048576K
Event: 49.009 GC heap after
Heap after GC invocations=10 (full 2):
 PSYoungGen      total 201728K, used 0K [0x00000000e0000000, 0x00000000ed800000, 0x0000000100000000)
  eden space 190464K, 0% used [0x00000000e0000000,0x00000000e0000000,0x00000000eba00000)
  from space 11264K, 0% used [0x00000000ecd00000,0x00000000ecd00000,0x00000000ed800000)
  to   space 13312K, 0% used [0x00000000ebe00000,0x00000000ebe00000,0x00000000ecb00000)
 ParOldGen       total 55296K, used 17449K [0x00000000a0000000, 0x00000000a3600000, 0x00000000e0000000)
  object space 55296K, 31% used [0x00000000a0000000,0x00000000a110a6e8,0x00000000a3600000)
 Metaspace       used 34480K, capacity 35184K, committed 35416K, reserved 1079296K
  class space    used 4751K, capacity 4937K, committed 4992K, reserved 1048576K
}

