# JRE version: OpenJDK Runtime Environment (8.0_202-b03) (build 1.8.0_202-release-1483-b03)
# Java VM: OpenJDK 64-Bit Server VM (25.202-b03 mixed mode windows-amd64 compressed oops)
Heap:
 PSYoungGen      total 128000K, used 55711K [0x00000000e0000000, 0x00000000ea300000, 0x0000000100000000)
  eden space 117248K, 47% used [0x00000000e0000000,0x00000000e3667e70,0x00000000e7280000)
  from space 10752K, 0% used [0x00000000e7280000,0x00000000e7280000,0x00000000e7d00000)
  to   space 11264K, 0% used [0x00000000e9800000,0x00000000e9800000,0x00000000ea300000)
 ParOldGen       total 59392K, used 15897K [0x00000000a0000000, 0x00000000a3a00000, 0x00000000e0000000)
  object space 59392K, 26% used [0x00000000a0000000,0x00000000a0f865f8,0x00000000a3a00000)
 Metaspace       used 42264K, capacity 43176K, committed 43352K, reserved 1087488K
  class space    used 5702K, capacity 5942K, committed 5976K, reserved 1048576K
GC Heap History (10 events):
Event: 21.694 GC heap before
{Heap before GC invocations=7 (full 1):
 PSYoungGen      total 65024K, used 5128K [0x00000000e0000000, 0x00000000e8680000, 0x0000000100000000)
  eden space 59392K, 0% used [0x00000000e0000000,0x00000000e0000000,0x00000000e3a00000)
  from space 5632K, 91% used [0x00000000e8100000,0x00000000e8602068,0x00000000e8680000)
  to   space 8704K, 0% used [0x00000000e7580000,0x00000000e7580000,0x00000000e7e00000)
 ParOldGen       total 39936K, used 14067K [0x00000000a0000000, 0x00000000a2700000, 0x00000000e0000000)
  object space 39936K, 35% used [0x00000000a0000000,0x00000000a0dbcf78,0x00000000a2700000)
 Metaspace       used 20737K, capacity 21120K, committed 21248K, reserved 1067008K
  class space    used 2925K, capacity 3066K, committed 3072K, reserved 1048576K
Event: 21.871 GC heap after
Heap after GC invocations=7 (full 1):
 PSYoungGen      total 65024K, used 0K [0x00000000e0000000, 0x00000000e8680000, 0x0000000100000000)
  eden space 59392K, 0% used [0x00000000e0000000,0x00000000e0000000,0x00000000e3a00000)
  from space 5632K, 0% used [0x00000000e8100000,0x00000000e8100000,0x00000000e8680000)
  to   space 8704K, 0% used [0x00000000e7580000,0x00000000e7580000,0x00000000e7e00000)
 ParOldGen       total 46080K, used 15779K [0x00000000a0000000, 0x00000000a2d00000, 0x00000000e0000000)
  object space 46080K, 34% used [0x00000000a0000000,0x00000000a0f68c70,0x00000000a2d00000)
 Metaspace       used 20737K, capacity 21120K, committed 21248K, reserved 1067008K
  class space    used 2925K, capacity 3066K, committed 3072K, reserved 1048576K
}
Event: 31.728 GC heap before
{Heap before GC invocations=8 (full 1):
 PSYoungGen      total 65024K, used 59392K [0x00000000e0000000, 0x00000000e8680000, 0x0000000100000000)
  eden space 59392K, 100% used [0x00000000e0000000,0x00000000e3a00000,0x00000000e3a00000)
  from space 5632K, 0% used [0x00000000e8100000,0x00000000e8100000,0x00000000e8680000)
  to   space 8704K, 0% used [0x00000000e7580000,0x00000000e7580000,0x00000000e7e00000)
 ParOldGen       total 46080K, used 15779K [0x00000000a0000000, 0x00000000a2d00000, 0x00000000e0000000)
  object space 46080K, 34% used [0x00000000a0000000,0x00000000a0f68c70,0x00000000a2d00000)
 Metaspace       used 28377K, capacity 28878K, committed 29440K, reserved 1075200K
  class space    used 3806K, capacity 3978K, committed 4096K, reserved 1048576K
Event: 31.743 GC heap after
Heap after GC invocations=8 (full 1):
 PSYoungGen      total 94208K, used 7306K [0x00000000e0000000, 0x00000000e8180000, 0x0000000100000000)
  eden space 86528K, 0% used [0x00000000e0000000,0x00000000e0000000,0x00000000e5480000)
  from space 7680K, 95% used [0x00000000e7580000,0x00000000e7ca2880,0x00000000e7d00000)
  to   space 4608K, 0% used [0x00000000e7d00000,0x00000000e7d00000,0x00000000e8180000)
 ParOldGen       total 46080K, used 15787K [0x00000000a0000000, 0x00000000a2d00000, 0x00000000e0000000)
  object space 46080K, 34% used [0x00000000a0000000,0x00000000a0f6ac70,0x00000000a2d00000)
 Metaspace       used 28377K, capacity 28878K, committed 29440K, reserved 1075200K
  class space    used 3806K, capacity 3978K, committed 4096K, reserved 1048576K
}
Event: 38.839 GC heap before
{Heap before GC invocations=9 (full 1):
 PSYoungGen      total 94208K, used 93834K [0x00000000e0000000, 0x00000000e8180000, 0x0000000100000000)
  eden space 86528K, 100% used [0x00000000e0000000,0x00000000e5480000,0x00000000e5480000)
  from space 7680K, 95% used [0x00000000e7580000,0x00000000e7ca2880,0x00000000e7d00000)
  to   space 4608K, 0% used [0x00000000e7d00000,0x00000000e7d00000,0x00000000e8180000)
 ParOldGen       total 46080K, used 15787K [0x00000000a0000000, 0x00000000a2d00000, 0x00000000e0000000)
  object space 46080K, 34% used [0x00000000a0000000,0x00000000a0f6ac70,0x00000000a2d00000)
 Metaspace       used 33055K, capacity 33604K, committed 34048K, reserved 1079296K
  class space    used 4552K, capacity 4739K, committed 4864K, reserved 1048576K
Event: 38.856 GC heap after
Heap after GC invocations=9 (full 1):
 PSYoungGen      total 121856K, used 4592K [0x00000000e0000000, 0x00000000e8c80000, 0x0000000100000000)
  eden space 117248K, 0% used [0x00000000e0000000,0x00000000e0000000,0x00000000e7280000)
  from space 4608K, 99% used [0x00000000e7d00000,0x00000000e817c010,0x00000000e8180000)
  to   space 10752K, 0% used [0x00000000e7280000,0x00000000e7280000,0x00000000e7d00000)
 ParOldGen       total 46080K, used 21087K [0x00000000a0000000, 0x00000000a2d00000, 0x00000000e0000000)
  object space 46080K, 45% used [0x00000000a0000000,0x00000000a1497c70,0x00000000a2d00000)
 Metaspace       used 33055K, capacity 33604K, committed 34048K, reserved 1079296K
  class space    used 4552K, capacity 4739K, committed 4864K, reserved 1048576K
}
Event: 47.853 GC heap before
{Heap before GC invocations=10 (full 1):
 PSYoungGen      total 121856K, used 46776K [0x00000000e0000000, 0x00000000e8c80000, 0x0000000100000000)
  eden space 117248K, 35% used [0x00000000e0000000,0x00000000e2932170,0x00000000e7280000)
  from space 4608K, 99% used [0x00000000e7d00000,0x00000000e817c010,0x00000000e8180000)
  to   space 10752K, 0% used [0x00000000e7280000,0x00000000e7280000,0x00000000e7d00000)
 ParOldGen       total 46080K, used 21087K [0x00000000a0000000, 0x00000000a2d00000, 0x00000000e0000000)
  object space 46080K, 45% used [0x00000000a0000000,0x00000000a1497c70,0x00000000a2d00000)
 Metaspace       used 34605K, capacity 35266K, committed 35416K, reserved 1079296K
  class space    used 4755K, capacity 4940K, committed 4952K, reserved 1048576K
Event: 47.881 GC heap after
Heap after GC invocations=10 (full 1):
 PSYoungGen      total 128000K, used 8407K [0x00000000e0000000, 0x00000000ea300000, 0x0000000100000000)
  eden space 117248K, 0% used [0x00000000e0000000,0x00000000e0000000,0x00000000e7280000)
  from space 10752K, 78% used [0x00000000e7280000,0x00000000e7ab5fd0,0x00000000e7d00000)
  to   space 11264K, 0% used [0x00000000e9800000,0x00000000e9800000,0x00000000ea300000)
 ParOldGen       total 46080K, used 21095K [0x00000000a0000000, 0x00000000a2d00000, 0x00000000e0000000)
  object space 46080K, 45% used [0x00000000a0000000,0x00000000a1499c70,0x00000000a2d00000)
 Metaspace       used 34605K, capacity 35266K, committed 35416K, reserved 1079296K
  class space    used 4755K, capacity 4940K, committed 4952K, reserved 1048576K
}
Event: 47.881 GC heap before
{Heap before GC invocations=11 (full 2):
 PSYoungGen      total 128000K, used 8407K [0x00000000e0000000, 0x00000000ea300000, 0x0000000100000000)
  eden space 117248K, 0% used [0x00000000e0000000,0x00000000e0000000,0x00000000e7280000)
  from space 10752K, 78% used [0x00000000e7280000,0x00000000e7ab5fd0,0x00000000e7d00000)
  to   space 11264K, 0% used [0x00000000e9800000,0x00000000e9800000,0x00000000ea300000)
 ParOldGen       total 46080K, used 21095K [0x00000000a0000000, 0x00000000a2d00000, 0x00000000e0000000)
  object space 46080K, 45% used [0x00000000a0000000,0x00000000a1499c70,0x00000000a2d00000)
 Metaspace       used 34605K, capacity 35266K, committed 35416K, reserved 1079296K
  class space    used 4755K, capacity 4940K, committed 4952K, reserved 1048576K
Event: 47.985 GC heap after
Heap after GC invocations=11 (full 2):
 PSYoungGen      total 128000K, used 0K [0x00000000e0000000, 0x00000000ea300000, 0x0000000100000000)
  eden space 117248K, 0% used [0x00000000e0000000,0x00000000e0000000,0x00000000e7280000)
  from space 10752K, 0% used [0x00000000e7280000,0x00000000e7280000,0x00000000e7d00000)
  to   space 11264K, 0% used [0x00000000e9800000,0x00000000e9800000,0x00000000ea300000)
 ParOldGen       total 59392K, used 15897K [0x00000000a0000000, 0x00000000a3a00000, 0x00000000e0000000)
  object space 59392K, 26% used [0x00000000a0000000,0x00000000a0f865f8,0x00000000a3a00000)
 Metaspace       used 34601K, capacity 35254K, committed 35416K, reserved 1079296K
  class space    used 4754K, capacity 4938K, committed 4952K, reserved 1048576K
}

