# JRE version: OpenJDK Runtime Environment (8.0_202-b03) (build 1.8.0_202-release-1483-b03)
# Java VM: OpenJDK 64-Bit Server VM (25.202-b03 mixed mode windows-amd64 compressed oops)
Heap:
 PSYoungGen      total 35328K, used 33092K [0x00000000e0000000, 0x00000000e2700000, 0x0000000100000000)
  eden space 30720K, 96% used [0x00000000e0000000,0x00000000e1ced050,0x00000000e1e00000)
  from space 4608K, 75% used [0x00000000e2280000,0x00000000e25e40d8,0x00000000e2700000)
  to   space 4608K, 0% used [0x00000000e1e00000,0x00000000e1e00000,0x00000000e2280000)
 ParOldGen       total 39936K, used 5702K [0x00000000a0000000, 0x00000000a2700000, 0x00000000e0000000)
  object space 39936K, 14% used [0x00000000a0000000,0x00000000a0591aa8,0x00000000a2700000)
 Metaspace       used 15228K, capacity 15636K, committed 15872K, reserved 1062912K
  class space    used 2162K, capacity 2300K, committed 2304K, reserved 1048576K
GC Heap History (10 events):
Event: 2.689 GC heap before
{Heap before GC invocations=2 (full 0):
 PSYoungGen      total 17408K, used 17403K [0x00000000e0000000, 0x00000000e1300000, 0x0000000100000000)
  eden space 15360K, 100% used [0x00000000e0000000,0x00000000e0f00000,0x00000000e0f00000)
  from space 2048K, 99% used [0x00000000e0f00000,0x00000000e10fec28,0x00000000e1100000)
  to   space 2048K, 0% used [0x00000000e1100000,0x00000000e1100000,0x00000000e1300000)
 ParOldGen       total 39936K, used 564K [0x00000000a0000000, 0x00000000a2700000, 0x00000000e0000000)
  object space 39936K, 1% used [0x00000000a0000000,0x00000000a008d168,0x00000000a2700000)
 Metaspace       used 6975K, capacity 7252K, committed 7424K, reserved 1056768K
  class space    used 852K, capacity 912K, committed 1024K, reserved 1048576K
Event: 2.695 GC heap after
Heap after GC invocations=2 (full 0):
 PSYoungGen      total 17408K, used 2032K [0x00000000e0000000, 0x00000000e1300000, 0x0000000100000000)
  eden space 15360K, 0% used [0x00000000e0000000,0x00000000e0000000,0x00000000e0f00000)
  from space 2048K, 99% used [0x00000000e1100000,0x00000000e12fc010,0x00000000e1300000)
  to   space 2048K, 0% used [0x00000000e0f00000,0x00000000e0f00000,0x00000000e1100000)
 ParOldGen       total 39936K, used 1525K [0x00000000a0000000, 0x00000000a2700000, 0x00000000e0000000)
  object space 39936K, 3% used [0x00000000a0000000,0x00000000a017d520,0x00000000a2700000)
 Metaspace       used 6975K, capacity 7252K, committed 7424K, reserved 1056768K
  class space    used 852K, capacity 912K, committed 1024K, reserved 1048576K
}
Event: 3.079 GC heap before
{Heap before GC invocations=3 (full 0):
 PSYoungGen      total 17408K, used 17392K [0x00000000e0000000, 0x00000000e1300000, 0x0000000100000000)
  eden space 15360K, 100% used [0x00000000e0000000,0x00000000e0f00000,0x00000000e0f00000)
  from space 2048K, 99% used [0x00000000e1100000,0x00000000e12fc010,0x00000000e1300000)
  to   space 2048K, 0% used [0x00000000e0f00000,0x00000000e0f00000,0x00000000e1100000)
 ParOldGen       total 39936K, used 1525K [0x00000000a0000000, 0x00000000a2700000, 0x00000000e0000000)
  object space 39936K, 3% used [0x00000000a0000000,0x00000000a017d520,0x00000000a2700000)
 Metaspace       used 7130K, capacity 7418K, committed 7680K, reserved 1056768K
  class space    used 867K, capacity 946K, committed 1024K, reserved 1048576K
Event: 3.084 GC heap after
Heap after GC invocations=3 (full 0):
 PSYoungGen      total 17408K, used 2016K [0x00000000e0000000, 0x00000000e1300000, 0x0000000100000000)
  eden space 15360K, 0% used [0x00000000e0000000,0x00000000e0000000,0x00000000e0f00000)
  from space 2048K, 98% used [0x00000000e0f00000,0x00000000e10f8040,0x00000000e1100000)
  to   space 2048K, 0% used [0x00000000e1100000,0x00000000e1100000,0x00000000e1300000)
 ParOldGen       total 39936K, used 2187K [0x00000000a0000000, 0x00000000a2700000, 0x00000000e0000000)
  object space 39936K, 5% used [0x00000000a0000000,0x00000000a0222f78,0x00000000a2700000)
 Metaspace       used 7130K, capacity 7418K, committed 7680K, reserved 1056768K
  class space    used 867K, capacity 946K, committed 1024K, reserved 1048576K
}
Event: 3.493 GC heap before
{Heap before GC invocations=4 (full 0):
 PSYoungGen      total 17408K, used 17376K [0x00000000e0000000, 0x00000000e1300000, 0x0000000100000000)
  eden space 15360K, 100% used [0x00000000e0000000,0x00000000e0f00000,0x00000000e0f00000)
  from space 2048K, 98% used [0x00000000e0f00000,0x00000000e10f8040,0x00000000e1100000)
  to   space 2048K, 0% used [0x00000000e1100000,0x00000000e1100000,0x00000000e1300000)
 ParOldGen       total 39936K, used 2187K [0x00000000a0000000, 0x00000000a2700000, 0x00000000e0000000)
  object space 39936K, 5% used [0x00000000a0000000,0x00000000a0222f78,0x00000000a2700000)
 Metaspace       used 8208K, capacity 8558K, committed 8832K, reserved 1056768K
  class space    used 1039K, capacity 1113K, committed 1152K, reserved 1048576K
Event: 3.500 GC heap after
Heap after GC invocations=4 (full 0):
 PSYoungGen      total 17408K, used 2048K [0x00000000e0000000, 0x00000000e2200000, 0x0000000100000000)
  eden space 15360K, 0% used [0x00000000e0000000,0x00000000e0000000,0x00000000e0f00000)
  from space 2048K, 100% used [0x00000000e1100000,0x00000000e1300000,0x00000000e1300000)
  to   space 2048K, 0% used [0x00000000e0f00000,0x00000000e0f00000,0x00000000e1100000)
 ParOldGen       total 39936K, used 3514K [0x00000000a0000000, 0x00000000a2700000, 0x00000000e0000000)
  object space 39936K, 8% used [0x00000000a0000000,0x00000000a036e8c0,0x00000000a2700000)
 Metaspace       used 8208K, capacity 8558K, committed 8832K, reserved 1056768K
  class space    used 1039K, capacity 1113K, committed 1152K, reserved 1048576K
}
Event: 5.343 GC heap before
{Heap before GC invocations=5 (full 0):
 PSYoungGen      total 17408K, used 17408K [0x00000000e0000000, 0x00000000e2200000, 0x0000000100000000)
  eden space 15360K, 100% used [0x00000000e0000000,0x00000000e0f00000,0x00000000e0f00000)
  from space 2048K, 100% used [0x00000000e1100000,0x00000000e1300000,0x00000000e1300000)
  to   space 2048K, 0% used [0x00000000e0f00000,0x00000000e0f00000,0x00000000e1100000)
 ParOldGen       total 39936K, used 3514K [0x00000000a0000000, 0x00000000a2700000, 0x00000000e0000000)
  object space 39936K, 8% used [0x00000000a0000000,0x00000000a036e8c0,0x00000000a2700000)
 Metaspace       used 11799K, capacity 12230K, committed 12544K, reserved 1060864K
  class space    used 1562K, capacity 1691K, committed 1792K, reserved 1048576K
Event: 5.391 GC heap after
Heap after GC invocations=5 (full 0):
 PSYoungGen      total 17408K, used 2048K [0x00000000e0000000, 0x00000000e2700000, 0x0000000100000000)
  eden space 15360K, 0% used [0x00000000e0000000,0x00000000e0000000,0x00000000e0f00000)
  from space 2048K, 100% used [0x00000000e0f00000,0x00000000e1100000,0x00000000e1100000)
  to   space 4608K, 0% used [0x00000000e2280000,0x00000000e2280000,0x00000000e2700000)
 ParOldGen       total 39936K, used 5702K [0x00000000a0000000, 0x00000000a2700000, 0x00000000e0000000)
  object space 39936K, 14% used [0x00000000a0000000,0x00000000a0591aa8,0x00000000a2700000)
 Metaspace       used 11799K, capacity 12230K, committed 12544K, reserved 1060864K
  class space    used 1562K, capacity 1691K, committed 1792K, reserved 1048576K
}
Event: 5.727 GC heap before
{Heap before GC invocations=6 (full 0):
 PSYoungGen      total 17408K, used 17408K [0x00000000e0000000, 0x00000000e2700000, 0x0000000100000000)
  eden space 15360K, 100% used [0x00000000e0000000,0x00000000e0f00000,0x00000000e0f00000)
  from space 2048K, 100% used [0x00000000e0f00000,0x00000000e1100000,0x00000000e1100000)
  to   space 4608K, 0% used [0x00000000e2280000,0x00000000e2280000,0x00000000e2700000)
 ParOldGen       total 39936K, used 5702K [0x00000000a0000000, 0x00000000a2700000, 0x00000000e0000000)
  object space 39936K, 14% used [0x00000000a0000000,0x00000000a0591aa8,0x00000000a2700000)
 Metaspace       used 12748K, capacity 13150K, committed 13440K, reserved 1060864K
  class space    used 1745K, capacity 1871K, committed 1920K, reserved 1048576K
Event: 5.733 GC heap after
Heap after GC invocations=6 (full 0):
 PSYoungGen      total 35328K, used 3472K [0x00000000e0000000, 0x00000000e2700000, 0x0000000100000000)
  eden space 30720K, 0% used [0x00000000e0000000,0x00000000e0000000,0x00000000e1e00000)
  from space 4608K, 75% used [0x00000000e2280000,0x00000000e25e40d8,0x00000000e2700000)
  to   space 4608K, 0% used [0x00000000e1e00000,0x00000000e1e00000,0x00000000e2280000)
 ParOldGen       total 39936K, used 5702K [0x00000000a0000000, 0x00000000a2700000, 0x00000000e0000000)
  object space 39936K, 14% used [0x00000000a0000000,0x00000000a0591aa8,0x00000000a2700000)
 Metaspace       used 12748K, capacity 13150K, committed 13440K, reserved 1060864K
  class space    used 1745K, capacity 1871K, committed 1920K, reserved 1048576K
}

